<?xml version="1.0" encoding="UTF-8"?>
<!-- Generated by org.testng.reporters.JUnitXMLReporter -->
<testsuite ignored="2" hostname="ShreyasS-W10" failures="0" tests="1" name="Surefire test" time="2.394" errors="0" timestamp="2022-04-02T21:53:03 IST">
  <testcase classname="com.Login.RiseApi.LoginApisTest" name="Login_WEBPM" time="2.381"/>
  <testcase classname="com.BaseTest.RiseApi.BaseTest" name="@BeforeSuite setup" time="0.0">
    <ignored/>
  </testcase> <!-- @BeforeSuite setup -->
  <testcase classname="com.Login.RiseApi.LoginApisTest" name="Login_WEBSTAFFPM" time="0.0">
    <ignored/>
  </testcase> <!-- Login_WEBSTAFFPM -->
</testsuite> <!-- Surefire test -->
