<?xml version="1.0" encoding="UTF-8"?>
<testng-results ignored="2" total="3" passed="1" failed="0" skipped="0">
  <reporter-output>
  </reporter-output>
  <suite started-at="2022-04-02T21:53:01 IST" name="Surefire suite" finished-at="2022-04-02T21:53:03 IST" duration-ms="2394">
    <groups>
    </groups>
    <test started-at="2022-04-02T21:53:01 IST" name="Surefire test" finished-at="2022-04-02T21:53:03 IST" duration-ms="2394">
      <class name="com.Login.RiseApi.LoginApisTest">
        <test-method signature="Login_WEBPM()[pri:1, instance:com.Login.RiseApi.LoginApisTest@229f66ed]" started-at="2022-04-02T21:53:01 IST" name="Login_WEBPM" finished-at="2022-04-02T21:53:03 IST" duration-ms="2381" status="PASS">
          <reporter-output>
          </reporter-output>
        </test-method> <!-- Login_WEBPM -->
      </class> <!-- com.Login.RiseApi.LoginApisTest -->
      <class name="com.BaseTest.RiseApi.BaseTest">
        <test-method is-config="true" signature="setup()[pri:0, instance:com.BaseTest.RiseApi.BaseTest@3b69e7d1]" started-at="2022-04-02T21:53:01 IST" name="setup" finished-at="2022-04-02T21:53:01 IST" duration-ms="347" status="PASS">
          <reporter-output>
          </reporter-output>
        </test-method> <!-- setup -->
      </class> <!-- com.BaseTest.RiseApi.BaseTest -->
    </test> <!-- Surefire test -->
  </suite> <!-- Surefire suite -->
</testng-results>
