<?xml version="1.0" encoding="UTF-8"?>
<testng-results ignored="1" total="2" passed="1" failed="0" skipped="0">
  <reporter-output>
  </reporter-output>
  <suite started-at="2022-04-02T20:32:49 IST" name="RiseAPITestSuite" finished-at="2022-04-02T20:32:52 IST" duration-ms="3413">
    <groups>
    </groups>
    <test started-at="2022-04-02T20:32:49 IST" name="SmokeTest" finished-at="2022-04-02T20:32:52 IST" duration-ms="3413">
      <class name="com.Login.RiseApi.LoginApisTest">
        <test-method is-config="true" signature="setup()[pri:0, instance:com.Login.RiseApi.LoginApisTest@3d74bf60]" started-at="2022-04-02T20:32:48 IST" name="setup" finished-at="2022-04-02T20:32:49 IST" duration-ms="266" status="PASS">
          <reporter-output>
          </reporter-output>
        </test-method> <!-- setup -->
        <test-method signature="Login_WEBPM()[pri:1, instance:com.Login.RiseApi.LoginApisTest@3d74bf60]" started-at="2022-04-02T20:32:49 IST" name="Login_WEBPM" finished-at="2022-04-02T20:32:52 IST" duration-ms="3397" status="PASS">
          <reporter-output>
          </reporter-output>
        </test-method> <!-- Login_WEBPM -->
      </class> <!-- com.Login.RiseApi.LoginApisTest -->
    </test> <!-- SmokeTest -->
  </suite> <!-- RiseAPITestSuite -->
</testng-results>
