<?xml version="1.0" encoding="UTF-8"?>
<testng-results ignored="0" total="2" passed="2" failed="0" skipped="0">
  <reporter-output>
  </reporter-output>
  <suite started-at="2022-04-04T12:27:32 IST" name="RiseAPITestSuite" finished-at="2022-04-04T12:27:36 IST" duration-ms="4200">
    <groups>
    </groups>
    <test started-at="2022-04-04T12:27:32 IST" name="SmokeTest" finished-at="2022-04-04T12:27:36 IST" duration-ms="4200">
      <class name="com.Login.RiseApi.LoginApisTest">
        <test-method is-config="true" signature="setup()[pri:0, instance:com.Login.RiseApi.LoginApisTest@7133da86]" started-at="2022-04-04T12:27:32 IST" name="setup" finished-at="2022-04-04T12:27:32 IST" duration-ms="374" status="PASS">
          <reporter-output>
          </reporter-output>
        </test-method> <!-- setup -->
        <test-method signature="Login_WEBPM()[pri:1, instance:com.Login.RiseApi.LoginApisTest@7133da86]" started-at="2022-04-04T12:27:32 IST" name="Login_WEBPM" finished-at="2022-04-04T12:27:35 IST" duration-ms="2613" status="PASS">
          <reporter-output>
          </reporter-output>
        </test-method> <!-- Login_WEBPM -->
        <test-method signature="Login_WEBSTAFFPM()[pri:2, instance:com.Login.RiseApi.LoginApisTest@7133da86]" started-at="2022-04-04T12:27:35 IST" name="Login_WEBSTAFFPM" finished-at="2022-04-04T12:27:36 IST" duration-ms="1569" status="PASS">
          <reporter-output>
          </reporter-output>
        </test-method> <!-- Login_WEBSTAFFPM -->
      </class> <!-- com.Login.RiseApi.LoginApisTest -->
    </test> <!-- SmokeTest -->
  </suite> <!-- RiseAPITestSuite -->
</testng-results>
