<?xml version="1.0" encoding="UTF-8"?>
<!-- Generated by org.testng.reporters.JUnitXMLReporter -->
<testsuite ignored="1" hostname="ShreyasS-W10" failures="0" tests="1" name="SmokeTest" time="3.413" errors="0" timestamp="2022-04-02T20:32:52 IST">
  <testcase classname="com.Login.RiseApi.LoginApisTest" name="Login_WEBPM" time="3.397"/>
  <testcase classname="com.Login.RiseApi.LoginApisTest" name="Login_WEBSTAFFPM" time="0.0">
    <ignored/>
  </testcase> <!-- Login_WEBSTAFFPM -->
</testsuite> <!-- SmokeTest -->
